  Agent.cpp
C:\Users\seanp\Documents\Github\Open-GL-Flocking-Implementation\Flocking-Algorithm\Flocking-Algorithm\Agent.cpp(296,25): warning C4018: '>': signed/unsigned mismatch
C:\Users\seanp\Documents\Github\Open-GL-Flocking-Implementation\Flocking-Algorithm\Flocking-Algorithm\Agent.cpp(411,20): warning C4244: 'argument': conversion from 'double' to 'GLfloat', possible loss of data
C:\Users\seanp\Documents\Github\Open-GL-Flocking-Implementation\Flocking-Algorithm\Flocking-Algorithm\Agent.cpp(411,17): warning C4244: 'argument': conversion from 'double' to 'GLfloat', possible loss of data
C:\Users\seanp\Documents\Github\Open-GL-Flocking-Implementation\Flocking-Algorithm\Flocking-Algorithm\Agent.cpp(442,20): warning C4244: 'argument': conversion from 'double' to 'GLfloat', possible loss of data
C:\Users\seanp\Documents\Github\Open-GL-Flocking-Implementation\Flocking-Algorithm\Flocking-Algorithm\Agent.cpp(443,33): warning C4244: 'argument': conversion from 'double' to 'GLfloat', possible loss of data
C:\Users\seanp\Documents\Github\Open-GL-Flocking-Implementation\Flocking-Algorithm\Flocking-Algorithm\Agent.cpp(443,21): warning C4244: 'argument': conversion from 'double' to 'GLfloat', possible loss of data
C:\Users\seanp\Documents\Github\Open-GL-Flocking-Implementation\Flocking-Algorithm\Flocking-Algorithm\Agent.cpp(444,34): warning C4244: 'argument': conversion from 'double' to 'GLfloat', possible loss of data
C:\Users\seanp\Documents\Github\Open-GL-Flocking-Implementation\Flocking-Algorithm\Flocking-Algorithm\Agent.cpp(444,21): warning C4244: 'argument': conversion from 'double' to 'GLfloat', possible loss of data
C:\Users\seanp\Documents\Github\Open-GL-Flocking-Implementation\Flocking-Algorithm\Flocking-Algorithm\Agent.cpp(451,33): warning C4244: 'argument': conversion from 'double' to 'GLfloat', possible loss of data
C:\Users\seanp\Documents\Github\Open-GL-Flocking-Implementation\Flocking-Algorithm\Flocking-Algorithm\Agent.cpp(451,21): warning C4244: 'argument': conversion from 'double' to 'GLfloat', possible loss of data
C:\Users\seanp\Documents\Github\Open-GL-Flocking-Implementation\Flocking-Algorithm\Flocking-Algorithm\Agent.cpp(452,34): warning C4244: 'argument': conversion from 'double' to 'GLfloat', possible loss of data
C:\Users\seanp\Documents\Github\Open-GL-Flocking-Implementation\Flocking-Algorithm\Flocking-Algorithm\Agent.cpp(452,21): warning C4244: 'argument': conversion from 'double' to 'GLfloat', possible loss of data
C:\Users\seanp\Documents\Github\Open-GL-Flocking-Implementation\Flocking-Algorithm\Flocking-Algorithm\Agent.cpp(453,36): warning C4244: 'argument': conversion from 'double' to 'GLfloat', possible loss of data
C:\Users\seanp\Documents\Github\Open-GL-Flocking-Implementation\Flocking-Algorithm\Flocking-Algorithm\Agent.cpp(453,25): warning C4244: 'argument': conversion from 'double' to 'GLfloat', possible loss of data
C:\Users\seanp\Documents\Github\Open-GL-Flocking-Implementation\Flocking-Algorithm\Flocking-Algorithm\Agent.cpp(454,35): warning C4244: 'argument': conversion from 'double' to 'GLfloat', possible loss of data
C:\Users\seanp\Documents\Github\Open-GL-Flocking-Implementation\Flocking-Algorithm\Flocking-Algorithm\Agent.cpp(454,25): warning C4244: 'argument': conversion from 'double' to 'GLfloat', possible loss of data
C:\Users\seanp\Documents\Github\Open-GL-Flocking-Implementation\Flocking-Algorithm\Flocking-Algorithm\Agent.cpp(458,35): warning C4244: 'argument': conversion from 'double' to 'GLfloat', possible loss of data
C:\Users\seanp\Documents\Github\Open-GL-Flocking-Implementation\Flocking-Algorithm\Flocking-Algorithm\Agent.cpp(458,25): warning C4244: 'argument': conversion from 'double' to 'GLfloat', possible loss of data
C:\Users\seanp\Documents\Github\Open-GL-Flocking-Implementation\Flocking-Algorithm\Flocking-Algorithm\Agent.cpp(459,33): warning C4244: 'argument': conversion from 'double' to 'GLfloat', possible loss of data
C:\Users\seanp\Documents\Github\Open-GL-Flocking-Implementation\Flocking-Algorithm\Flocking-Algorithm\Agent.cpp(459,21): warning C4244: 'argument': conversion from 'double' to 'GLfloat', possible loss of data
C:\Users\seanp\Documents\Github\Open-GL-Flocking-Implementation\Flocking-Algorithm\Flocking-Algorithm\Agent.cpp(460,37): warning C4244: 'argument': conversion from 'double' to 'GLfloat', possible loss of data
C:\Users\seanp\Documents\Github\Open-GL-Flocking-Implementation\Flocking-Algorithm\Flocking-Algorithm\Agent.cpp(460,21): warning C4244: 'argument': conversion from 'double' to 'GLfloat', possible loss of data
C:\Users\seanp\Documents\Github\Open-GL-Flocking-Implementation\Flocking-Algorithm\Flocking-Algorithm\Agent.cpp(461,39): warning C4244: 'argument': conversion from 'double' to 'GLfloat', possible loss of data
C:\Users\seanp\Documents\Github\Open-GL-Flocking-Implementation\Flocking-Algorithm\Flocking-Algorithm\Agent.cpp(461,25): warning C4244: 'argument': conversion from 'double' to 'GLfloat', possible loss of data
C:\Users\seanp\Documents\Github\Open-GL-Flocking-Implementation\Flocking-Algorithm\Flocking-Algorithm\Agent.cpp(468,42): warning C4305: 'initializing': truncation from 'double' to 'float'
C:\Users\seanp\Documents\Github\Open-GL-Flocking-Implementation\Flocking-Algorithm\Flocking-Algorithm\Agent.cpp(481,27): warning C4244: '=': conversion from 'double' to 'float', possible loss of data
C:\Users\seanp\Documents\Github\Open-GL-Flocking-Implementation\Flocking-Algorithm\Flocking-Algorithm\Agent.cpp(481,56): warning C4244: '=': conversion from 'double' to 'float', possible loss of data
C:\Users\seanp\Documents\Github\Open-GL-Flocking-Implementation\Flocking-Algorithm\Flocking-Algorithm\Agent.cpp(482,59): warning C4244: 'argument': conversion from 'double' to 'GLfloat', possible loss of data
C:\Users\seanp\Documents\Github\Open-GL-Flocking-Implementation\Flocking-Algorithm\Flocking-Algorithm\Agent.cpp(482,34): warning C4244: 'argument': conversion from 'double' to 'GLfloat', possible loss of data
C:\Users\seanp\Documents\Github\Open-GL-Flocking-Implementation\Flocking-Algorithm\Flocking-Algorithm\Agent.cpp(487,27): warning C4244: '=': conversion from 'double' to '_Ty1', possible loss of data
          with
          [
              _Ty1=float
          ]
C:\Users\seanp\Documents\Github\Open-GL-Flocking-Implementation\Flocking-Algorithm\Flocking-Algorithm\Agent.cpp(487,51): warning C4244: '=': conversion from 'double' to '_Ty2', possible loss of data
          with
          [
              _Ty2=float
          ]
C:\Users\seanp\Documents\Github\Open-GL-Flocking-Implementation\Flocking-Algorithm\Flocking-Algorithm\Agent.cpp(488,63): warning C4244: '=': conversion from 'double' to '_Ty2', possible loss of data
          with
          [
              _Ty2=float
          ]
C:\Users\seanp\Documents\Github\Open-GL-Flocking-Implementation\Flocking-Algorithm\Flocking-Algorithm\Agent.cpp(489,38): warning C4244: '=': conversion from 'double' to '_Ty1', possible loss of data
          with
          [
              _Ty1=float
          ]
C:\Users\seanp\Documents\Github\Open-GL-Flocking-Implementation\Flocking-Algorithm\Flocking-Algorithm\Agent.cpp(489,75): warning C4244: '=': conversion from 'double' to '_Ty2', possible loss of data
          with
          [
              _Ty2=float
          ]
C:\Users\seanp\Documents\Github\Open-GL-Flocking-Implementation\Flocking-Algorithm\Flocking-Algorithm\Agent.cpp(527,32): warning C4305: 'argument': truncation from 'double' to 'GLfloat'
C:\Users\seanp\Documents\Github\Open-GL-Flocking-Implementation\Flocking-Algorithm\Flocking-Algorithm\Agent.cpp(532,32): warning C4305: 'argument': truncation from 'double' to 'GLfloat'
C:\Users\seanp\Documents\Github\Open-GL-Flocking-Implementation\Flocking-Algorithm\Flocking-Algorithm\Agent.cpp(544,38): warning C4244: 'argument': conversion from 'double' to 'GLfloat', possible loss of data
C:\Users\seanp\Documents\Github\Open-GL-Flocking-Implementation\Flocking-Algorithm\Flocking-Algorithm\Agent.cpp(544,26): warning C4244: 'argument': conversion from 'double' to 'GLfloat', possible loss of data
C:\Users\seanp\Documents\Github\Open-GL-Flocking-Implementation\Flocking-Algorithm\Flocking-Algorithm\Agent.cpp(551,38): warning C4244: 'argument': conversion from 'double' to 'GLfloat', possible loss of data
C:\Users\seanp\Documents\Github\Open-GL-Flocking-Implementation\Flocking-Algorithm\Flocking-Algorithm\Agent.cpp(551,26): warning C4244: 'argument': conversion from 'double' to 'GLfloat', possible loss of data
C:\Users\seanp\Documents\Github\Open-GL-Flocking-Implementation\Flocking-Algorithm\Flocking-Algorithm\Agent.cpp(560,40): warning C4244: 'argument': conversion from 'double' to 'GLfloat', possible loss of data
C:\Users\seanp\Documents\Github\Open-GL-Flocking-Implementation\Flocking-Algorithm\Flocking-Algorithm\Agent.cpp(560,28): warning C4244: 'argument': conversion from 'double' to 'GLfloat', possible loss of data
C:\Users\seanp\Documents\Github\Open-GL-Flocking-Implementation\Flocking-Algorithm\Flocking-Algorithm\Agent.cpp(568,38): warning C4244: 'argument': conversion from 'double' to 'GLfloat', possible loss of data
C:\Users\seanp\Documents\Github\Open-GL-Flocking-Implementation\Flocking-Algorithm\Flocking-Algorithm\Agent.cpp(568,26): warning C4244: 'argument': conversion from 'double' to 'GLfloat', possible loss of data
C:\Users\seanp\Documents\Github\Open-GL-Flocking-Implementation\Flocking-Algorithm\Flocking-Algorithm\Agent.cpp(571,26): warning C4305: 'argument': truncation from 'double' to 'GLfloat'
C:\Users\seanp\Documents\Github\Open-GL-Flocking-Implementation\Flocking-Algorithm\Flocking-Algorithm\Agent.cpp(575,44): warning C4244: 'argument': conversion from 'double' to 'GLfloat', possible loss of data
C:\Users\seanp\Documents\Github\Open-GL-Flocking-Implementation\Flocking-Algorithm\Flocking-Algorithm\Agent.cpp(575,30): warning C4244: 'argument': conversion from 'double' to 'GLfloat', possible loss of data
C:\Users\seanp\Documents\Github\Open-GL-Flocking-Implementation\Flocking-Algorithm\Flocking-Algorithm\Agent.cpp(582,29): warning C4305: 'argument': truncation from 'double' to 'GLfloat'
C:\Users\seanp\Documents\Github\Open-GL-Flocking-Implementation\Flocking-Algorithm\Flocking-Algorithm\Agent.cpp(584,36): warning C4244: 'argument': conversion from 'double' to 'GLfloat', possible loss of data
C:\Users\seanp\Documents\Github\Open-GL-Flocking-Implementation\Flocking-Algorithm\Flocking-Algorithm\Agent.cpp(584,25): warning C4244: 'argument': conversion from 'double' to 'GLfloat', possible loss of data
C:\Users\seanp\Documents\Github\Open-GL-Flocking-Implementation\Flocking-Algorithm\Flocking-Algorithm\Agent.cpp(585,62): warning C4244: 'argument': conversion from 'double' to 'GLfloat', possible loss of data
C:\Users\seanp\Documents\Github\Open-GL-Flocking-Implementation\Flocking-Algorithm\Flocking-Algorithm\Agent.cpp(585,27): warning C4244: 'argument': conversion from 'double' to 'GLfloat', possible loss of data
C:\Users\seanp\Documents\Github\Open-GL-Flocking-Implementation\Flocking-Algorithm\Flocking-Algorithm\Agent.cpp(590,36): warning C4244: 'argument': conversion from 'double' to 'GLfloat', possible loss of data
C:\Users\seanp\Documents\Github\Open-GL-Flocking-Implementation\Flocking-Algorithm\Flocking-Algorithm\Agent.cpp(590,25): warning C4244: 'argument': conversion from 'double' to 'GLfloat', possible loss of data
C:\Users\seanp\Documents\Github\Open-GL-Flocking-Implementation\Flocking-Algorithm\Flocking-Algorithm\Agent.cpp(591,60): warning C4244: 'argument': conversion from 'double' to 'GLfloat', possible loss of data
C:\Users\seanp\Documents\Github\Open-GL-Flocking-Implementation\Flocking-Algorithm\Flocking-Algorithm\Agent.cpp(591,27): warning C4244: 'argument': conversion from 'double' to 'GLfloat', possible loss of data
C:\Users\seanp\Documents\Github\Open-GL-Flocking-Implementation\Flocking-Algorithm\Flocking-Algorithm\Agent.cpp(596,36): warning C4244: 'argument': conversion from 'double' to 'GLfloat', possible loss of data
C:\Users\seanp\Documents\Github\Open-GL-Flocking-Implementation\Flocking-Algorithm\Flocking-Algorithm\Agent.cpp(596,25): warning C4244: 'argument': conversion from 'double' to 'GLfloat', possible loss of data
C:\Users\seanp\Documents\Github\Open-GL-Flocking-Implementation\Flocking-Algorithm\Flocking-Algorithm\Agent.cpp(597,61): warning C4244: 'argument': conversion from 'double' to 'GLfloat', possible loss of data
C:\Users\seanp\Documents\Github\Open-GL-Flocking-Implementation\Flocking-Algorithm\Flocking-Algorithm\Agent.cpp(597,27): warning C4244: 'argument': conversion from 'double' to 'GLfloat', possible loss of data
C:\Users\seanp\Documents\Github\Open-GL-Flocking-Implementation\Flocking-Algorithm\Flocking-Algorithm\Agent.cpp(606,36): warning C4244: 'argument': conversion from 'double' to 'GLfloat', possible loss of data
C:\Users\seanp\Documents\Github\Open-GL-Flocking-Implementation\Flocking-Algorithm\Flocking-Algorithm\Agent.cpp(606,25): warning C4244: 'argument': conversion from 'double' to 'GLfloat', possible loss of data
C:\Users\seanp\Documents\Github\Open-GL-Flocking-Implementation\Flocking-Algorithm\Flocking-Algorithm\Agent.cpp(607,50): warning C4244: 'argument': conversion from 'double' to 'GLfloat', possible loss of data
C:\Users\seanp\Documents\Github\Open-GL-Flocking-Implementation\Flocking-Algorithm\Flocking-Algorithm\Agent.cpp(607,27): warning C4244: 'argument': conversion from 'double' to 'GLfloat', possible loss of data
C:\Users\seanp\Documents\Github\Open-GL-Flocking-Implementation\Flocking-Algorithm\Flocking-Algorithm\Agent.cpp(618,17): warning C4018: '<': signed/unsigned mismatch
  Generating code
  1 of 419 functions ( 0.2%) were compiled, the rest were copied from previous compilation.
    0 functions were new in current compilation
    2 functions had inline decision re-evaluated but remain unchanged
  Finished generating code
  Flocking-Algorithm.vcxproj -> C:\Users\seanp\Documents\Github\Open-GL-Flocking-Implementation\Flocking-Algorithm\Release\Flocking-Algorithm.exe
